<?xml version="1.0" encoding="UTF-8"?>
<!-- Generated by org.testng.reporters.JUnitReportReporter -->
<testsuite skipped="0" hostname="DESKTOP-4MV3R5N" name="test.java.match.job.dao.DaoTest" tests="2" failures="0" timestamp="03 Nov 2018 23:21:37 GMT" time="26.728" errors="0">
  <testcase name="testListWorkers" time="10.719" classname="test.java.match.job.dao.DaoTest"/>
  <testcase name="testListJobs" time="16.009" classname="test.java.match.job.dao.DaoTest"/>
</testsuite> <!-- test.java.match.job.dao.DaoTest -->
