<?xml version="1.0" encoding="UTF-8"?>
<!-- Generated by org.testng.reporters.JUnitReportReporter -->
<testsuite skipped="0" hostname="DESKTOP-4MV3R5N" name="test.java.match.job.bo.BoTest" tests="1" failures="0" timestamp="04 Nov 2018 00:32:59 GMT" time="62.278" errors="0">
  <testcase name="testBo" time="62.278" classname="test.java.match.job.bo.BoTest"/>
</testsuite> <!-- test.java.match.job.bo.BoTest -->
